  School_Project.cpp
d:\new\school_cbi_project\school_project.cpp(70): warning C4584: 'menu': base-class 'credentials' is already a base-class of 'profiles'
  d:\new\school_cbi_project\school_project.cpp(12): note: see declaration of 'credentials'
  d:\new\school_cbi_project\school_project.cpp(45): note: see declaration of 'profiles'
d:\new\school_cbi_project\school_project.cpp(70): warning C4584: 'menu': base-class 'credentials' is already a base-class of 'criminals'
  d:\new\school_cbi_project\school_project.cpp(12): note: see declaration of 'credentials'
  d:\new\school_cbi_project\school_project.cpp(58): note: see declaration of 'criminals'
d:\new\school_cbi_project\school_project.cpp(70): warning C4584: 'menu': base-class 'credentials' is already a base-class of 'suspects'
  d:\new\school_cbi_project\school_project.cpp(12): note: see declaration of 'credentials'
  d:\new\school_cbi_project\school_project.cpp(66): note: see declaration of 'suspects'
d:\new\school_cbi_project\school_project.cpp(139): warning C4244: '=': conversion from 'time_t' to 'int', possible loss of data
d:\new\school_cbi_project\school_project.cpp(169): warning C4018: '<': signed/unsigned mismatch
d:\new\school_cbi_project\school_project.cpp(331): warning C4018: '<': signed/unsigned mismatch
d:\new\school_cbi_project\school_project.cpp(366): warning C4018: '<': signed/unsigned mismatch
d:\new\school_cbi_project\school_project.cpp(474): warning C4551: function call missing argument list
d:\new\school_cbi_project\school_project.cpp(514): warning C4018: '<': signed/unsigned mismatch
  Generating Code...
  Skipping... (no relevant changes detected)
  Helpers.cpp
Helpers.obj : warning LNK4075: ignoring '/EDITANDCONTINUE' due to '/OPT:LBR' specification
  School_CBI_Project.vcxproj -> D:\new\School_CBI_Project\Debug\School_CBI_Project.exe
  School_CBI_Project.vcxproj -> D:\new\School_CBI_Project\Debug\School_CBI_Project.pdb (Full PDB)
