  Helpers.cpp
  Generating Code...
  Compiling...
  input_functions.cpp
c:\users\mathur\github\start\school_cbi_project\school_cbi_project\input_functions.cpp(293): warning C4244: '=': conversion from 'double' to 'int', possible loss of data
c:\users\mathur\github\start\school_cbi_project\school_cbi_project\input_functions.cpp(298): warning C4309: 'initializing': truncation of constant value
c:\users\mathur\github\start\school_cbi_project\school_cbi_project\input_functions.cpp(322): warning C4244: '=': conversion from 'double' to '__int64', possible loss of data
c:\users\mathur\github\start\school_cbi_project\school_cbi_project\input_functions.cpp(348): warning C4018: '<': signed/unsigned mismatch
c:\users\mathur\github\start\school_cbi_project\school_cbi_project\input_functions.cpp(355): warning C4018: '<': signed/unsigned mismatch
c:\users\mathur\github\start\school_cbi_project\school_cbi_project\input_functions.cpp(375): warning C4018: '<': signed/unsigned mismatch
c:\users\mathur\github\start\school_cbi_project\school_cbi_project\input_functions.cpp(381): warning C4018: '<': signed/unsigned mismatch
  Vector.cpp
  School_Project.cpp
c:\users\mathur\github\start\school_cbi_project\school_cbi_project\school_project.cpp(69): warning C4584: 'menu': base-class 'credentials' is already a base-class of 'profiles'
  c:\users\mathur\github\start\school_cbi_project\school_cbi_project\school_project.cpp(12): note: see declaration of 'credentials'
  c:\users\mathur\github\start\school_cbi_project\school_cbi_project\school_project.cpp(44): note: see declaration of 'profiles'
c:\users\mathur\github\start\school_cbi_project\school_cbi_project\school_project.cpp(69): warning C4584: 'menu': base-class 'credentials' is already a base-class of 'criminals'
  c:\users\mathur\github\start\school_cbi_project\school_cbi_project\school_project.cpp(12): note: see declaration of 'credentials'
  c:\users\mathur\github\start\school_cbi_project\school_cbi_project\school_project.cpp(57): note: see declaration of 'criminals'
c:\users\mathur\github\start\school_cbi_project\school_cbi_project\school_project.cpp(69): warning C4584: 'menu': base-class 'credentials' is already a base-class of 'suspects'
  c:\users\mathur\github\start\school_cbi_project\school_cbi_project\school_project.cpp(12): note: see declaration of 'credentials'
  c:\users\mathur\github\start\school_cbi_project\school_cbi_project\school_project.cpp(65): note: see declaration of 'suspects'
c:\users\mathur\github\start\school_cbi_project\school_cbi_project\school_project.cpp(475): warning C4551: function call missing argument list
  Generating Code...
c:\users\mathur\github\start\school_cbi_project\school_cbi_project\input_functions.cpp(174): warning C4715: 'cinclear': not all control paths return a value
Helpers.obj : warning LNK4075: ignoring '/EDITANDCONTINUE' due to '/OPT:LBR' specification
Helpers.obj : error LNK2019: unresolved external symbol "public: void __thiscall vector<struct Helpers::Address,class std::allocator<struct Helpers::Address> >::push_back(struct Helpers::Address &)" (?push_back@?$vector@UAddress@Helpers@@V?$allocator@UAddress@Helpers@@@std@@@@QAEXAAUAddress@Helpers@@@Z) referenced in function "class std::basic_ifstream<char,struct std::char_traits<char> > & __cdecl Helpers::operator>>(class std::basic_ifstream<char,struct std::char_traits<char> > &,struct Helpers::person &)" (??5Helpers@@YAAAV?$basic_ifstream@DU?$char_traits@D@std@@@std@@AAV12@AAUperson@0@@Z)
School_Project.obj : error LNK2001: unresolved external symbol "public: void __thiscall vector<struct Helpers::Address,class std::allocator<struct Helpers::Address> >::push_back(struct Helpers::Address &)" (?push_back@?$vector@UAddress@Helpers@@V?$allocator@UAddress@Helpers@@@std@@@@QAEXAAUAddress@Helpers@@@Z)
Helpers.obj : error LNK2019: unresolved external symbol "public: void __thiscall vector<struct Helpers::car_num,class std::allocator<struct Helpers::car_num> >::push_back(struct Helpers::car_num &)" (?push_back@?$vector@Ucar_num@Helpers@@V?$allocator@Ucar_num@Helpers@@@std@@@@QAEXAAUcar_num@Helpers@@@Z) referenced in function "class std::basic_ifstream<char,struct std::char_traits<char> > & __cdecl Helpers::operator>>(class std::basic_ifstream<char,struct std::char_traits<char> > &,struct Helpers::Agent &)" (??5Helpers@@YAAAV?$basic_ifstream@DU?$char_traits@D@std@@@std@@AAV12@AAUAgent@0@@Z)
School_Project.obj : error LNK2001: unresolved external symbol "public: void __thiscall vector<struct Helpers::car_num,class std::allocator<struct Helpers::car_num> >::push_back(struct Helpers::car_num &)" (?push_back@?$vector@Ucar_num@Helpers@@V?$allocator@Ucar_num@Helpers@@@std@@@@QAEXAAUcar_num@Helpers@@@Z)
Helpers.obj : error LNK2019: unresolved external symbol "public: void __thiscall vector<class std::basic_string<char,struct std::char_traits<char>,class std::allocator<char> >,class std::allocator<class std::basic_string<char,struct std::char_traits<char>,class std::allocator<char> > > >::push_back(class std::basic_string<char,struct std::char_traits<char>,class std::allocator<char> > &)" (?push_back@?$vector@V?$basic_string@DU?$char_traits@D@std@@V?$allocator@D@2@@std@@V?$allocator@V?$basic_string@DU?$char_traits@D@std@@V?$allocator@D@2@@std@@@2@@@QAEXAAV?$basic_string@DU?$char_traits@D@std@@V?$allocator@D@2@@std@@@Z) referenced in function "class std::basic_istream<char,struct std::char_traits<char> > & __cdecl Helpers::operator>>(class std::basic_istream<char,struct std::char_traits<char> > &,struct Helpers::Agent &)" (??5Helpers@@YAAAV?$basic_istream@DU?$char_traits@D@std@@@std@@AAV12@AAUAgent@0@@Z)
input_functions.obj : error LNK2001: unresolved external symbol "public: void __thiscall vector<class std::basic_string<char,struct std::char_traits<char>,class std::allocator<char> >,class std::allocator<class std::basic_string<char,struct std::char_traits<char>,class std::allocator<char> > > >::push_back(class std::basic_string<char,struct std::char_traits<char>,class std::allocator<char> > &)" (?push_back@?$vector@V?$basic_string@DU?$char_traits@D@std@@V?$allocator@D@2@@std@@V?$allocator@V?$basic_string@DU?$char_traits@D@std@@V?$allocator@D@2@@std@@@2@@@QAEXAAV?$basic_string@DU?$char_traits@D@std@@V?$allocator@D@2@@std@@@Z)
School_Project.obj : error LNK2001: unresolved external symbol "public: void __thiscall vector<class std::basic_string<char,struct std::char_traits<char>,class std::allocator<char> >,class std::allocator<class std::basic_string<char,struct std::char_traits<char>,class std::allocator<char> > > >::push_back(class std::basic_string<char,struct std::char_traits<char>,class std::allocator<char> > &)" (?push_back@?$vector@V?$basic_string@DU?$char_traits@D@std@@V?$allocator@D@2@@std@@V?$allocator@V?$basic_string@DU?$char_traits@D@std@@V?$allocator@D@2@@std@@@2@@@QAEXAAV?$basic_string@DU?$char_traits@D@std@@V?$allocator@D@2@@std@@@Z)
Helpers.obj : error LNK2019: unresolved external symbol "public: void __thiscall vector<class std::basic_string<char,struct std::char_traits<char>,class std::allocator<char> >,class std::allocator<class std::basic_string<char,struct std::char_traits<char>,class std::allocator<char> > > >::clear(void)" (?clear@?$vector@V?$basic_string@DU?$char_traits@D@std@@V?$allocator@D@2@@std@@V?$allocator@V?$basic_string@DU?$char_traits@D@std@@V?$allocator@D@2@@std@@@2@@@QAEXXZ) referenced in function "class std::basic_istream<char,struct std::char_traits<char> > & __cdecl Helpers::operator>>(class std::basic_istream<char,struct std::char_traits<char> > &,struct Helpers::Agent &)" (??5Helpers@@YAAAV?$basic_istream@DU?$char_traits@D@std@@@std@@AAV12@AAUAgent@0@@Z)
School_Project.obj : error LNK2019: unresolved external symbol "public: void __thiscall vector<int,class std::allocator<int> >::push_back(int &)" (?push_back@?$vector@HV?$allocator@H@std@@@@QAEXAAH@Z) referenced in function "protected: void __thiscall credentials::confidentials(void)" (?confidentials@credentials@@IAEXXZ)
C:\Users\Mathur\Github\Start\School_CBI_Project\Debug\School_CBI_Project.exe : fatal error LNK1120: 5 unresolved externals
